[0902/183833.334:ERROR:process_memory_win.cc(73)] ReadMemory at 0x7ff762930000 of 64 bytes failed: Only part of a ReadProcessMemory or WriteProcessMemory request was completed. (0x12B)
[0902/183834.225:WARNING:pe_image_reader.cc(340)] could not read dos header from C:\Program Files (x86)\Google\Chrome\Application\chrome.exe
[0902/183834.225:ERROR:process_memory_win.cc(73)] ReadMemory at 0x7ffddbf80000 of 64 bytes failed: Only part of a ReadProcessMemory or WriteProcessMemory request was completed. (0x12B)
[0902/183834.225:WARNING:pe_image_reader.cc(340)] could not read dos header from C:\Windows\SYSTEM32\ntdll.dll
[0902/183834.225:ERROR:process_memory_win.cc(73)] ReadMemory at 0x7ffdd9890000 of 64 bytes failed: Only part of a ReadProcessMemory or WriteProcessMemory request was completed. (0x12B)
[0902/183835.785:WARNING:pe_image_reader.cc(340)] could not read dos header from C:\Windows\system32\KERNEL32.DLL
[0902/183835.785:ERROR:process_memory_win.cc(73)] ReadMemory at 0x7ffdd9250000 of 64 bytes failed: Only part of a ReadProcessMemory or WriteProcessMemory request was completed. (0x12B)
[0902/183835.785:WARNING:pe_image_reader.cc(340)] could not read dos header from C:\Windows\system32\KERNELBASE.dll
[0902/183835.785:ERROR:process_memory_win.cc(73)] ReadMemory at 0x7ffdc6330000 of 64 bytes failed: Only part of a ReadProcessMemory or WriteProcessMemory request was completed. (0x12B)
[0902/183835.785:WARNING:pe_image_reader.cc(340)] could not read dos header from C:\Program Files (x86)\Google\Chrome\Application\76.0.3809.132\chrome_elf.dll
[0902/183835.785:ERROR:process_memory_win.cc(73)] ReadMemory at 0x7ffdd6e30000 of 64 bytes failed: Only part of a ReadProcessMemory or WriteProcessMemory request was completed. (0x12B)
[0902/183835.785:WARNING:pe_image_reader.cc(340)] could not read dos header from C:\Windows\SYSTEM32\VERSION.dll
[0902/183835.785:ERROR:process_memory_win.cc(73)] ReadMemory at 0x4e0bf50000 of 64 bytes failed: Only part of a ReadProcessMemory or WriteProcessMemory request was completed. (0x12B)
[0902/183835.785:WARNING:pe_image_reader.cc(340)] could not read dos header from C:\Windows\system32\msvcrt.dll
[0902/183835.785:ERROR:process_memory_win.cc(73)] ReadMemory at 0x7ffdda140000 of 64 bytes failed: Only part of a ReadProcessMemory or WriteProcessMemory request was completed. (0x12B)
[0902/183835.785:WARNING:pe_image_reader.cc(340)] could not read dos header from C:\Windows\system32\ADVAPI32.dll
[0902/183835.785:ERROR:process_memory_win.cc(73)] ReadMemory at 0x7ffdda310000 of 64 bytes failed: Only part of a ReadProcessMemory or WriteProcessMemory request was completed. (0x12B)
[0902/183835.785:WARNING:pe_image_reader.cc(340)] could not read dos header from C:\Windows\SYSTEM32\sechost.dll
[0902/183835.786:ERROR:process_memory_win.cc(73)] ReadMemory at 0x7ffddb890000 of 64 bytes failed: Only part of a ReadProcessMemory or WriteProcessMemory request was completed. (0x12B)
[0902/183835.786:WARNING:pe_image_reader.cc(340)] could not read dos header from C:\Windows\system32\RPCRT4.dll
[0902/183835.786:ERROR:process_memory_win.cc(73)] ReadMemory at 0x7ffdb0bb0000 of 64 bytes failed: Only part of a ReadProcessMemory or WriteProcessMemory request was completed. (0x12B)
[0902/183835.786:WARNING:pe_image_reader.cc(340)] could not read dos header from C:\Program Files (x86)\Google\Chrome\Application\76.0.3809.132\chrome_child.dll
[0902/183835.786:ERROR:process_memory_win.cc(73)] ReadMemory at 0x7ffdd9a80000 of 64 bytes failed: Only part of a ReadProcessMemory or WriteProcessMemory request was completed. (0x12B)
[0902/183835.786:WARNING:pe_image_reader.cc(340)] could not read dos header from C:\Windows\system32\OLEAUT32.dll
[0902/183835.786:ERROR:process_memory_win.cc(73)] ReadMemory at 0x7ffdd9cb0000 of 64 bytes failed: Only part of a ReadProcessMemory or WriteProcessMemory request was completed. (0x12B)
[0902/183835.786:WARNING:pe_image_reader.cc(340)] could not read dos header from C:\Windows\system32\WS2_32.dll
[0902/183835.786:ERROR:process_memory_win.cc(73)] ReadMemory at 0x7ffdd4ac0000 of 64 bytes failed: Only part of a ReadProcessMemory or WriteProcessMemory request was completed. (0x12B)
[0902/183835.786:WARNING:pe_image_reader.cc(340)] could not read dos header from C:\Windows\SYSTEM32\IPHLPAPI.DLL
[0902/183835.786:ERROR:process_memory_win.cc(73)] ReadMemory at 0x7ffdd5a80000 of 64 bytes failed: Only part of a ReadProcessMemory or WriteProcessMemory request was completed. (0x12B)
[0902/183835.786:WARNING:pe_image_reader.cc(340)] could not read dos header from C:\Windows\SYSTEM32\WINMM.dll
[0902/183835.786:ERROR:process_memory_win.cc(73)] ReadMemory at 0x7ffdd9b50000 of 64 bytes failed: Only part of a ReadProcessMemory or WriteProcessMemory request was completed. (0x12B)
[0902/183835.786:WARNING:pe_image_reader.cc(340)] could not read dos header from C:\Windows\system32\GDI32.dll
[0902/183835.786:ERROR:process_memory_win.cc(73)] ReadMemory at 0x7ffdd95a0000 of 64 bytes failed: Only part of a ReadProcessMemory or WriteProcessMemory request was completed. (0x12B)
[0902/183835.786:WARNING:pe_image_reader.cc(340)] could not read dos header from C:\Windows\system32\WINTRUST.dll
[0902/183835.787:ERROR:process_memory_win.cc(73)] ReadMemory at 0x7ffdd93c0000 of 64 bytes failed: Only part of a ReadProcessMemory or WriteProcessMemory request was completed. (0x12B)
[0902/183835.787:WARNING:pe_image_reader.cc(340)] could not read dos header from C:\Windows\system32\CRYPT32.dll
[0902/183835.787:ERROR:process_memory_win.cc(73)] ReadMemory at 0x7ffdd86d0000 of 64 bytes failed: Only part of a ReadProcessMemory or WriteProcessMemory request was completed. (0x12B)
[0902/183835.787:WARNING:pe_image_reader.cc(340)] could not read dos header from C:\Windows\SYSTEM32\USERENV.dll
[0902/183835.787:ERROR:process_memory_win.cc(73)] ReadMemory at 0x7ffdd4680000 of 64 bytes failed: Only part of a ReadProcessMemory or WriteProcessMemory request was completed. (0x12B)
[0902/183835.787:WARNING:pe_image_reader.cc(340)] could not read dos header from C:\Windows\SYSTEM32\DWrite.dll
[0902/183835.787:ERROR:process_memory_win.cc(73)] ReadMemory at 0x7ffdd0090000 of 64 bytes failed: Only part of a ReadProcessMemory or WriteProcessMemory request was completed. (0x12B)
[0902/183835.787:WARNING:pe_image_reader.cc(340)] could not read dos header from C:\Windows\SYSTEM32\WINSPOOL.DRV
[0902/183835.787:ERROR:process_memory_win.cc(73)] ReadMemory at 0x7ffdc61a0000 of 64 bytes failed: Only part of a ReadProcessMemory or WriteProcessMemory request was completed. (0x12B)
[0902/183835.787:WARNING:pe_image_reader.cc(340)] could not read dos header from C:\Windows\SYSTEM32\dbghelp.dll
[0902/183835.787:ERROR:process_memory_win.cc(73)] ReadMemory at 0x7ffdd20f0000 of 64 bytes failed: Only part of a ReadProcessMemory or WriteProcessMemory request was completed. (0x12B)
[0902/183835.787:WARNING:pe_image_reader.cc(340)] could not read dos header from C:\Windows\SYSTEM32\WINHTTP.dll
[0902/183835.787:ERROR:process_memory_win.cc(73)] ReadMemory at 0x7ffdcf940000 of 64 bytes failed: Only part of a ReadProcessMemory or WriteProcessMemory request was completed. (0x12B)
[0902/183835.787:WARNING:pe_image_reader.cc(340)] could not read dos header from C:\Windows\SYSTEM32\Secur32.dll
[0902/183835.787:ERROR:process_memory_win.cc(73)] ReadMemory at 0x7ffdd3ff0000 of 64 bytes failed: Only part of a ReadProcessMemory or WriteProcessMemory request was completed. (0x12B)
[0902/183835.787:WARNING:pe_image_reader.cc(340)] could not read dos header from C:\Windows\SYSTEM32\dhcpcsvc.DLL
[0902/183835.788:ERROR:process_memory_win.cc(73)] ReadMemory at 0x7ffddbb70000 of 64 bytes failed: Only part of a ReadProcessMemory or WriteProcessMemory request was completed. (0x12B)
[0902/183835.788:WARNING:pe_image_reader.cc(340)] could not read dos header from C:\Windows\system32\combase.dll
[0902/183835.788:ERROR:process_memory_win.cc(73)] ReadMemory at 0x7ffddbf70000 of 64 bytes failed: Only part of a ReadProcessMemory or WriteProcessMemory request was completed. (0x12B)
[0902/183835.788:WARNING:pe_image_reader.cc(340)] could not read dos header from C:\Windows\system32\NSI.dll
[0902/183835.788:ERROR:process_memory_win.cc(73)] ReadMemory at 0x7ffdd4a50000 of 64 bytes failed: Only part of a ReadProcessMemory or WriteProcessMemory request was completed. (0x12B)
[0902/183835.788:WARNING:pe_image_reader.cc(340)] could not read dos header from C:\Windows\SYSTEM32\WINNSI.DLL
[0902/183835.788:ERROR:process_memory_win.cc(73)] ReadMemory at 0x7ffdd5830000 of 64 bytes failed: Only part of a ReadProcessMemory or WriteProcessMemory request was completed. (0x12B)
[0902/183835.788:WARNING:pe_image_reader.cc(340)] could not read dos header from C:\Windows\SYSTEM32\WINMMBASE.dll
[0902/183835.788:ERROR:process_memory_win.cc(73)] ReadMemory at 0x7ffddb9e0000 of 64 bytes failed: Only part of a ReadProcessMemory or WriteProcessMemory request was completed. (0x12B)
[0902/183835.788:WARNING:pe_image_reader.cc(340)] could not read dos header from C:\Windows\system32\USER32.dll
[0902/183835.788:ERROR:process_memory_win.cc(73)] ReadMemory at 0x7ffdd9180000 of 64 bytes failed: Only part of a ReadProcessMemory or WriteProcessMemory request was completed. (0x12B)
[0902/183835.788:WARNING:pe_image_reader.cc(340)] could not read dos header from C:\Windows\system32\MSASN1.dll
[0902/183835.788:ERROR:process_memory_win.cc(73)] ReadMemory at 0x7ffdd90d0000 of 64 bytes failed: Only part of a ReadProcessMemory or WriteProcessMemory request was completed. (0x12B)
[0902/183835.788:WARNING:pe_image_reader.cc(340)] could not read dos header from C:\Windows\SYSTEM32\profapi.dll
[0902/183835.788:ERROR:process_memory_win.cc(73)] ReadMemory at 0x7ffdd9370000 of 64 bytes failed: Only part of a ReadProcessMemory or WriteProcessMemory request was completed. (0x12B)
[0902/183835.789:WARNING:pe_image_reader.cc(340)] could not read dos header from C:\Windows\SYSTEM32\cfgmgr32.dll
[0902/183835.789:ERROR:process_memory_win.cc(73)] ReadMemory at 0x7ffdd7ed0000 of 64 bytes failed: Only part of a ReadProcessMemory or WriteProcessMemory request was completed. (0x12B)
[0902/183835.789:WARNING:pe_image_reader.cc(340)] could not read dos header from C:\Windows\SYSTEM32\DEVOBJ.dll
[0902/183835.789:ERROR:process_memory_win.cc(73)] ReadMemory at 0x7ffdd8f00000 of 64 bytes failed: Only part of a ReadProcessMemory or WriteProcessMemory request was completed. (0x12B)
[0902/183835.789:WARNING:pe_image_reader.cc(340)] could not read dos header from C:\Windows\SYSTEM32\SSPICLI.DLL
[0902/183835.789:ERROR:process_memory_win.cc(73)] ReadMemory at 0x7ffdd9ec0000 of 64 bytes failed: Only part of a ReadProcessMemory or WriteProcessMemory request was completed. (0x12B)
[0902/183835.789:WARNING:pe_image_reader.cc(340)] could not read dos header from C:\Windows\system32\IMM32.DLL
[0902/183835.789:ERROR:process_memory_win.cc(73)] ReadMemory at 0x7ffdd9f10000 of 64 bytes failed: Only part of a ReadProcessMemory or WriteProcessMemory request was completed. (0x12B)
[0902/183835.789:WARNING:pe_image_reader.cc(340)] could not read dos header from C:\Windows\system32\MSCTF.dll
[0902/183835.789:ERROR:process_memory_win.cc(73)] ReadMemory at 0x7ffdd8fa0000 of 64 bytes failed: Only part of a ReadProcessMemory or WriteProcessMemory request was completed. (0x12B)
[0902/183835.789:WARNING:pe_image_reader.cc(340)] could not read dos header from C:\Windows\SYSTEM32\CRYPTBASE.DLL
[0902/183835.789:ERROR:process_memory_win.cc(73)] ReadMemory at 0x7ffdd8f30000 of 64 bytes failed: Only part of a ReadProcessMemory or WriteProcessMemory request was completed. (0x12B)
[0902/183835.789:WARNING:pe_image_reader.cc(340)] could not read dos header from C:\Windows\SYSTEM32\bcryptPrimitives.dll
[0902/183835.789:ERROR:process_memory_win.cc(73)] ReadMemory at 0x7ff762930000 of 64 bytes failed: Only part of a ReadProcessMemory or WriteProcessMemory request was completed. (0x12B)
[0902/183835.789:WARNING:pe_image_reader.cc(340)] could not read dos header from C:\Program Files (x86)\Google\Chrome\Application\chrome.exe
[0902/183835.789:ERROR:process_memory_win.cc(73)] ReadMemory at 0x7ffddbf80000 of 64 bytes failed: Only part of a ReadProcessMemory or WriteProcessMemory request was completed. (0x12B)
[0902/183835.790:WARNING:pe_image_reader.cc(340)] could not read dos header from C:\Windows\SYSTEM32\ntdll.dll
[0902/183835.790:ERROR:process_memory_win.cc(73)] ReadMemory at 0x7ffdd9890000 of 64 bytes failed: Only part of a ReadProcessMemory or WriteProcessMemory request was completed. (0x12B)
[0902/183835.790:WARNING:pe_image_reader.cc(340)] could not read dos header from C:\Windows\system32\KERNEL32.DLL
[0902/183835.790:ERROR:process_memory_win.cc(73)] ReadMemory at 0x7ffdd9250000 of 64 bytes failed: Only part of a ReadProcessMemory or WriteProcessMemory request was completed. (0x12B)
[0902/183835.790:WARNING:pe_image_reader.cc(340)] could not read dos header from C:\Windows\system32\KERNELBASE.dll
[0902/183835.790:ERROR:process_memory_win.cc(73)] ReadMemory at 0x7ffdc6330000 of 64 bytes failed: Only part of a ReadProcessMemory or WriteProcessMemory request was completed. (0x12B)
[0902/183835.790:WARNING:pe_image_reader.cc(340)] could not read dos header from C:\Program Files (x86)\Google\Chrome\Application\76.0.3809.132\chrome_elf.dll
[0902/183835.790:ERROR:process_memory_win.cc(73)] ReadMemory at 0x7ffdd6e30000 of 64 bytes failed: Only part of a ReadProcessMemory or WriteProcessMemory request was completed. (0x12B)
[0902/183835.790:WARNING:pe_image_reader.cc(340)] could not read dos header from C:\Windows\SYSTEM32\VERSION.dll
[0902/183835.790:ERROR:process_memory_win.cc(73)] ReadMemory at 0x4e0bf50000 of 64 bytes failed: Only part of a ReadProcessMemory or WriteProcessMemory request was completed. (0x12B)
[0902/183835.790:WARNING:pe_image_reader.cc(340)] could not read dos header from C:\Windows\system32\msvcrt.dll
[0902/183835.790:ERROR:process_memory_win.cc(73)] ReadMemory at 0x7ffdda140000 of 64 bytes failed: Only part of a ReadProcessMemory or WriteProcessMemory request was completed. (0x12B)
[0902/183835.790:WARNING:pe_image_reader.cc(340)] could not read dos header from C:\Windows\system32\ADVAPI32.dll
[0902/183835.790:ERROR:process_memory_win.cc(73)] ReadMemory at 0x7ffdda310000 of 64 bytes failed: Only part of a ReadProcessMemory or WriteProcessMemory request was completed. (0x12B)
[0902/183835.790:WARNING:pe_image_reader.cc(340)] could not read dos header from C:\Windows\SYSTEM32\sechost.dll
[0902/183835.790:ERROR:process_memory_win.cc(73)] ReadMemory at 0x7ffddb890000 of 64 bytes failed: Only part of a ReadProcessMemory or WriteProcessMemory request was completed. (0x12B)
[0902/183835.791:WARNING:pe_image_reader.cc(340)] could not read dos header from C:\Windows\system32\RPCRT4.dll
[0902/183835.791:ERROR:process_memory_win.cc(73)] ReadMemory at 0x7ffdb0bb0000 of 64 bytes failed: Only part of a ReadProcessMemory or WriteProcessMemory request was completed. (0x12B)
[0902/183835.791:WARNING:pe_image_reader.cc(340)] could not read dos header from C:\Program Files (x86)\Google\Chrome\Application\76.0.3809.132\chrome_child.dll
[0902/183835.791:ERROR:process_memory_win.cc(73)] ReadMemory at 0x7ffdd9a80000 of 64 bytes failed: Only part of a ReadProcessMemory or WriteProcessMemory request was completed. (0x12B)
[0902/183835.791:WARNING:pe_image_reader.cc(340)] could not read dos header from C:\Windows\system32\OLEAUT32.dll
[0902/183835.791:ERROR:process_memory_win.cc(73)] ReadMemory at 0x7ffdd9cb0000 of 64 bytes failed: Only part of a ReadProcessMemory or WriteProcessMemory request was completed. (0x12B)
[0902/183835.791:WARNING:pe_image_reader.cc(340)] could not read dos header from C:\Windows\system32\WS2_32.dll
[0902/183835.791:ERROR:process_memory_win.cc(73)] ReadMemory at 0x7ffdd4ac0000 of 64 bytes failed: Only part of a ReadProcessMemory or WriteProcessMemory request was completed. (0x12B)
[0902/183835.791:WARNING:pe_image_reader.cc(340)] could not read dos header from C:\Windows\SYSTEM32\IPHLPAPI.DLL
[0902/183835.791:ERROR:process_memory_win.cc(73)] ReadMemory at 0x7ffdd5a80000 of 64 bytes failed: Only part of a ReadProcessMemory or WriteProcessMemory request was completed. (0x12B)
[0902/183835.791:WARNING:pe_image_reader.cc(340)] could not read dos header from C:\Windows\SYSTEM32\WINMM.dll
[0902/183835.791:ERROR:process_memory_win.cc(73)] ReadMemory at 0x7ffdd9b50000 of 64 bytes failed: Only part of a ReadProcessMemory or WriteProcessMemory request was completed. (0x12B)
[0902/183835.791:WARNING:pe_image_reader.cc(340)] could not read dos header from C:\Windows\system32\GDI32.dll
[0902/183835.791:ERROR:process_memory_win.cc(73)] ReadMemory at 0x7ffdd95a0000 of 64 bytes failed: Only part of a ReadProcessMemory or WriteProcessMemory request was completed. (0x12B)
[0902/183835.791:WARNING:pe_image_reader.cc(340)] could not read dos header from C:\Windows\system32\WINTRUST.dll
[0902/183835.792:ERROR:process_memory_win.cc(73)] ReadMemory at 0x7ffdd93c0000 of 64 bytes failed: Only part of a ReadProcessMemory or WriteProcessMemory request was completed. (0x12B)
[0902/183835.792:WARNING:pe_image_reader.cc(340)] could not read dos header from C:\Windows\system32\CRYPT32.dll
[0902/183835.792:ERROR:process_memory_win.cc(73)] ReadMemory at 0x7ffdd86d0000 of 64 bytes failed: Only part of a ReadProcessMemory or WriteProcessMemory request was completed. (0x12B)
[0902/183835.792:WARNING:pe_image_reader.cc(340)] could not read dos header from C:\Windows\SYSTEM32\USERENV.dll
[0902/183835.792:ERROR:process_memory_win.cc(73)] ReadMemory at 0x7ffdd4680000 of 64 bytes failed: Only part of a ReadProcessMemory or WriteProcessMemory request was completed. (0x12B)
[0902/183835.792:WARNING:pe_image_reader.cc(340)] could not read dos header from C:\Windows\SYSTEM32\DWrite.dll
[0902/183835.792:ERROR:process_memory_win.cc(73)] ReadMemory at 0x7ffdd0090000 of 64 bytes failed: Only part of a ReadProcessMemory or WriteProcessMemory request was completed. (0x12B)
[0902/183835.792:WARNING:pe_image_reader.cc(340)] could not read dos header from C:\Windows\SYSTEM32\WINSPOOL.DRV
[0902/183835.792:ERROR:process_memory_win.cc(73)] ReadMemory at 0x7ffdc61a0000 of 64 bytes failed: Only part of a ReadProcessMemory or WriteProcessMemory request was completed. (0x12B)
[0902/183835.792:WARNING:pe_image_reader.cc(340)] could not read dos header from C:\Windows\SYSTEM32\dbghelp.dll
[0902/183835.792:ERROR:process_memory_win.cc(73)] ReadMemory at 0x7ffdd20f0000 of 64 bytes failed: Only part of a ReadProcessMemory or WriteProcessMemory request was completed. (0x12B)
[0902/183835.792:WARNING:pe_image_reader.cc(340)] could not read dos header from C:\Windows\SYSTEM32\WINHTTP.dll
[0902/183835.792:ERROR:process_memory_win.cc(73)] ReadMemory at 0x7ffdcf940000 of 64 bytes failed: Only part of a ReadProcessMemory or WriteProcessMemory request was completed. (0x12B)
[0902/183835.792:WARNING:pe_image_reader.cc(340)] could not read dos header from C:\Windows\SYSTEM32\Secur32.dll
[0902/183835.792:ERROR:process_memory_win.cc(73)] ReadMemory at 0x7ffdd3ff0000 of 64 bytes failed: Only part of a ReadProcessMemory or WriteProcessMemory request was completed. (0x12B)
[0902/183835.792:WARNING:pe_image_reader.cc(340)] could not read dos header from C:\Windows\SYSTEM32\dhcpcsvc.DLL
[0902/183835.792:ERROR:process_memory_win.cc(73)] ReadMemory at 0x7ffddbb70000 of 64 bytes failed: Only part of a ReadProcessMemory or WriteProcessMemory request was completed. (0x12B)
[0902/183835.793:WARNING:pe_image_reader.cc(340)] could not read dos header from C:\Windows\system32\combase.dll
[0902/183835.793:ERROR:process_memory_win.cc(73)] ReadMemory at 0x7ffddbf70000 of 64 bytes failed: Only part of a ReadProcessMemory or WriteProcessMemory request was completed. (0x12B)
[0902/183835.793:WARNING:pe_image_reader.cc(340)] could not read dos header from C:\Windows\system32\NSI.dll
[0902/183835.793:ERROR:process_memory_win.cc(73)] ReadMemory at 0x7ffdd4a50000 of 64 bytes failed: Only part of a ReadProcessMemory or WriteProcessMemory request was completed. (0x12B)
[0902/183835.793:WARNING:pe_image_reader.cc(340)] could not read dos header from C:\Windows\SYSTEM32\WINNSI.DLL
[0902/183835.793:ERROR:process_memory_win.cc(73)] ReadMemory at 0x7ffdd5830000 of 64 bytes failed: Only part of a ReadProcessMemory or WriteProcessMemory request was completed. (0x12B)
[0902/183835.793:WARNING:pe_image_reader.cc(340)] could not read dos header from C:\Windows\SYSTEM32\WINMMBASE.dll
[0902/183835.793:ERROR:process_memory_win.cc(73)] ReadMemory at 0x7ffddb9e0000 of 64 bytes failed: Only part of a ReadProcessMemory or WriteProcessMemory request was completed. (0x12B)
[0902/183835.793:WARNING:pe_image_reader.cc(340)] could not read dos header from C:\Windows\system32\USER32.dll
[0902/183835.793:ERROR:process_memory_win.cc(73)] ReadMemory at 0x7ffdd9180000 of 64 bytes failed: Only part of a ReadProcessMemory or WriteProcessMemory request was completed. (0x12B)
[0902/183835.793:WARNING:pe_image_reader.cc(340)] could not read dos header from C:\Windows\system32\MSASN1.dll
[0902/183835.793:ERROR:process_memory_win.cc(73)] ReadMemory at 0x7ffdd90d0000 of 64 bytes failed: Only part of a ReadProcessMemory or WriteProcessMemory request was completed. (0x12B)
[0902/183835.793:WARNING:pe_image_reader.cc(340)] could not read dos header from C:\Windows\SYSTEM32\profapi.dll
[0902/183835.793:ERROR:process_memory_win.cc(73)] ReadMemory at 0x7ffdd9370000 of 64 bytes failed: Only part of a ReadProcessMemory or WriteProcessMemory request was completed. (0x12B)
[0902/183835.793:WARNING:pe_image_reader.cc(340)] could not read dos header from C:\Windows\SYSTEM32\cfgmgr32.dll
[0902/183835.793:ERROR:process_memory_win.cc(73)] ReadMemory at 0x7ffdd7ed0000 of 64 bytes failed: Only part of a ReadProcessMemory or WriteProcessMemory request was completed. (0x12B)
[0902/183835.793:WARNING:pe_image_reader.cc(340)] could not read dos header from C:\Windows\SYSTEM32\DEVOBJ.dll
[0902/183835.794:ERROR:process_memory_win.cc(73)] ReadMemory at 0x7ffdd8f00000 of 64 bytes failed: Only part of a ReadProcessMemory or WriteProcessMemory request was completed. (0x12B)
[0902/183835.794:WARNING:pe_image_reader.cc(340)] could not read dos header from C:\Windows\SYSTEM32\SSPICLI.DLL
[0902/183835.794:ERROR:process_memory_win.cc(73)] ReadMemory at 0x7ffdd9ec0000 of 64 bytes failed: Only part of a ReadProcessMemory or WriteProcessMemory request was completed. (0x12B)
[0902/183835.794:WARNING:pe_image_reader.cc(340)] could not read dos header from C:\Windows\system32\IMM32.DLL
[0902/183835.794:ERROR:process_memory_win.cc(73)] ReadMemory at 0x7ffdd9f10000 of 64 bytes failed: Only part of a ReadProcessMemory or WriteProcessMemory request was completed. (0x12B)
[0902/183835.794:WARNING:pe_image_reader.cc(340)] could not read dos header from C:\Windows\system32\MSCTF.dll
[0902/183835.794:ERROR:process_memory_win.cc(73)] ReadMemory at 0x7ffdd8fa0000 of 64 bytes failed: Only part of a ReadProcessMemory or WriteProcessMemory request was completed. (0x12B)
[0902/183835.794:WARNING:pe_image_reader.cc(340)] could not read dos header from C:\Windows\SYSTEM32\CRYPTBASE.DLL
[0902/183835.794:ERROR:process_memory_win.cc(73)] ReadMemory at 0x7ffdd8f30000 of 64 bytes failed: Only part of a ReadProcessMemory or WriteProcessMemory request was completed. (0x12B)
[0902/183835.794:WARNING:pe_image_reader.cc(340)] could not read dos header from C:\Windows\SYSTEM32\bcryptPrimitives.dll
[0902/183837.022:ERROR:process_memory_win.cc(73)] ReadMemory at 0x4e0bcd1000 of 61440 bytes failed: Only part of a ReadProcessMemory or WriteProcessMemory request was completed. (0x12B)
[0902/183837.022:ERROR:process_memory_win.cc(73)] ReadMemory at 0x4e0e2ed000 of 12288 bytes failed: Only part of a ReadProcessMemory or WriteProcessMemory request was completed. (0x12B)
[0902/183837.022:ERROR:process_memory_win.cc(73)] ReadMemory at 0x4e0e6ec000 of 16384 bytes failed: Only part of a ReadProcessMemory or WriteProcessMemory request was completed. (0x12B)
[0902/183837.022:ERROR:process_memory_win.cc(73)] ReadMemory at 0x4e0e8ec000 of 16384 bytes failed: Only part of a ReadProcessMemory or WriteProcessMemory request was completed. (0x12B)
[0902/183837.022:ERROR:process_memory_win.cc(73)] ReadMemory at 0x4e0eaef000 of 4096 bytes failed: Only part of a ReadProcessMemory or WriteProcessMemory request was completed. (0x12B)
[0902/183837.022:ERROR:process_memory_win.cc(73)] ReadMemory at 0x4e0ecec000 of 16384 bytes failed: Only part of a ReadProcessMemory or WriteProcessMemory request was completed. (0x12B)
[0902/183837.022:ERROR:process_memory_win.cc(73)] ReadMemory at 0x4e0f0eb000 of 20480 bytes failed: Only part of a ReadProcessMemory or WriteProcessMemory request was completed. (0x12B)
[0902/183837.023:ERROR:process_memory_win.cc(73)] ReadMemory at 0x4e0fcec000 of 16384 bytes failed: Only part of a ReadProcessMemory or WriteProcessMemory request was completed. (0x12B)
[0902/183837.023:ERROR:process_memory_win.cc(73)] ReadMemory at 0x4e0f4ed000 of 12288 bytes failed: Only part of a ReadProcessMemory or WriteProcessMemory request was completed. (0x12B)
[0902/183837.023:ERROR:process_memory_win.cc(73)] ReadMemory at 0x4e0f6ec000 of 16384 bytes failed: Only part of a ReadProcessMemory or WriteProcessMemory request was completed. (0x12B)
[0902/183837.023:ERROR:process_memory_win.cc(73)] ReadMemory at 0x4e0f8ec000 of 16384 bytes failed: Only part of a ReadProcessMemory or WriteProcessMemory request was completed. (0x12B)
[0902/183837.023:ERROR:process_memory_win.cc(73)] ReadMemory at 0x4e0faed000 of 12288 bytes failed: Only part of a ReadProcessMemory or WriteProcessMemory request was completed. (0x12B)
[0902/183837.023:ERROR:process_memory_win.cc(73)] ReadMemory at 0x4e0e4ed000 of 12288 bytes failed: Only part of a ReadProcessMemory or WriteProcessMemory request was completed. (0x12B)
[0902/183837.023:ERROR:process_memory_win.cc(73)] ReadMemory at 0x4e10305000 of 45056 bytes failed: Only part of a ReadProcessMemory or WriteProcessMemory request was completed. (0x12B)
[0902/183837.023:ERROR:process_memory_win.cc(73)] ReadMemory at 0x4e0f2ed000 of 12288 bytes failed: Only part of a ReadProcessMemory or WriteProcessMemory request was completed. (0x12B)
[0902/183837.024:ERROR:process_memory_win.cc(73)] ReadMemory at 0x4e1064d000 of 12288 bytes failed: Only part of a ReadProcessMemory or WriteProcessMemory request was completed. (0x12B)
[0902/183837.024:ERROR:process_memory_win.cc(73)] ReadMemory at 0x4e10845000 of 45056 bytes failed: Only part of a ReadProcessMemory or WriteProcessMemory request was completed. (0x12B)
[0902/183837.122:ERROR:process_memory_win.cc(73)] ReadMemory at 0x4e10a4d000 of 12288 bytes failed: Only part of a ReadProcessMemory or WriteProcessMemory request was completed. (0x12B)
[0902/183837.122:ERROR:process_memory_win.cc(73)] ReadMemory at 0x4e1234c000 of 16384 bytes failed: Only part of a ReadProcessMemory or WriteProcessMemory request was completed. (0x12B)
[0902/183837.123:ERROR:process_memory_win.cc(73)] ReadMemory at 0x4e1254c000 of 16384 bytes failed: Only part of a ReadProcessMemory or WriteProcessMemory request was completed. (0x12B)
[0902/183837.123:ERROR:process_memory_win.cc(73)] ReadMemory at 0x4e1668e000 of 8192 bytes failed: Only part of a ReadProcessMemory or WriteProcessMemory request was completed. (0x12B)
[0902/183837.123:ERROR:process_memory_win.cc(73)] ReadMemory at 0x4e0bd30000 of 384 bytes failed: Only part of a ReadProcessMemory or WriteProcessMemory request was completed. (0x12B)
[0902/183837.227:ERROR:process_memory_win.cc(73)] ReadMemory at 0x4e0bdc0860 of 14236 bytes failed: Only part of a ReadProcessMemory or WriteProcessMemory request was completed. (0x12B)
[0902/183837.227:ERROR:process_memory_win.cc(73)] ReadMemory at 0x4e0bdc4010 of 1012 bytes failed: Only part of a ReadProcessMemory or WriteProcessMemory request was completed. (0x12B)
[0902/183837.227:ERROR:process_memory_win.cc(73)] ReadMemory at 0x4e0bdc4628 of 118 bytes failed: Only part of a ReadProcessMemory or WriteProcessMemory request was completed. (0x12B)
[0902/183837.734:ERROR:process_memory_win.cc(73)] ReadMemory at 0x4e0bdc46a0 of 860 bytes failed: Only part of a ReadProcessMemory or WriteProcessMemory request was completed. (0x12B)
[0902/183837.735:ERROR:process_memory_win.cc(73)] ReadMemory at 0x4e0bdc49fe of 118 bytes failed: Only part of a ReadProcessMemory or WriteProcessMemory request was completed. (0x12B)
[0902/183837.894:ERROR:process_memory_win.cc(73)] ReadMemory at 0x4e0bdc4a76 of 98 bytes failed: Only part of a ReadProcessMemory or WriteProcessMemory request was completed. (0x12B)
[0902/183837.939:ERROR:process_memory_win.cc(73)] ReadMemory at 0x4e0bdc4af0 of 58 bytes failed: Only part of a ReadProcessMemory or WriteProcessMemory request was completed. (0x12B)
[0902/183837.943:ERROR:process_memory_win.cc(73)] ReadMemory at 0x4e0bdc4bf0 of 132 bytes failed: Only part of a ReadProcessMemory or WriteProcessMemory request was completed. (0x12B)
[0902/183837.948:ERROR:process_memory_win.cc(73)] ReadMemory at 0x4e0bdc4d70 of 132 bytes failed: Only part of a ReadProcessMemory or WriteProcessMemory request was completed. (0x12B)
[0902/183837.948:ERROR:process_memory_win.cc(73)] ReadMemory at 0x4e0bdc4f80 of 126 bytes failed: Only part of a ReadProcessMemory or WriteProcessMemory request was completed. (0x12B)
[0902/183837.948:ERROR:process_memory_win.cc(73)] ReadMemory at 0x4e0bdc5270 of 64 bytes failed: Only part of a ReadProcessMemory or WriteProcessMemory request was completed. (0x12B)
[0902/183837.948:ERROR:process_memory_win.cc(73)] ReadMemory at 0x4e0bdc52c0 of 132 bytes failed: Only part of a ReadProcessMemory or WriteProcessMemory request was completed. (0x12B)
[0902/183837.948:ERROR:process_memory_win.cc(73)] ReadMemory at 0x4e0bdc5580 of 154 bytes failed: Only part of a ReadProcessMemory or WriteProcessMemory request was completed. (0x12B)
[0902/183837.949:ERROR:process_memory_win.cc(73)] ReadMemory at 0x4e0bdc5630 of 68 bytes failed: Only part of a ReadProcessMemory or WriteProcessMemory request was completed. (0x12B)
[0902/183837.949:ERROR:process_memory_win.cc(73)] ReadMemory at 0x4e0bdc5680 of 132 bytes failed: Only part of a ReadProcessMemory or WriteProcessMemory request was completed. (0x12B)
[0902/183837.971:ERROR:process_memory_win.cc(73)] ReadMemory at 0x4e0bdc6410 of 132 bytes failed: Only part of a ReadProcessMemory or WriteProcessMemory request was completed. (0x12B)
[0902/183837.971:ERROR:process_memory_win.cc(73)] ReadMemory at 0x4e0bdc6590 of 132 bytes failed: Only part of a ReadProcessMemory or WriteProcessMemory request was completed. (0x12B)
[0902/183837.972:ERROR:process_memory_win.cc(73)] ReadMemory at 0x4e0bdc68f0 of 60 bytes failed: Only part of a ReadProcessMemory or WriteProcessMemory request was completed. (0x12B)
[0902/183837.972:ERROR:process_memory_win.cc(73)] ReadMemory at 0x4e0bdc6f80 of 62 bytes failed: Only part of a ReadProcessMemory or WriteProcessMemory request was completed. (0x12B)
[0902/183838.471:ERROR:process_memory_win.cc(73)] ReadMemory at 0x4e0bdc76d0 of 132 bytes failed: Only part of a ReadProcessMemory or WriteProcessMemory request was completed. (0x12B)
[0902/183838.472:ERROR:process_memory_win.cc(73)] ReadMemory at 0x4e0bdc7850 of 54 bytes failed: Only part of a ReadProcessMemory or WriteProcessMemory request was completed. (0x12B)
[0902/183838.473:ERROR:process_memory_win.cc(73)] ReadMemory at 0x4e0bdc7900 of 158 bytes failed: Only part of a ReadProcessMemory or WriteProcessMemory request was completed. (0x12B)
[0902/183838.473:ERROR:process_memory_win.cc(73)] ReadMemory at 0x4e0bdc8c80 of 132 bytes failed: Only part of a ReadProcessMemory or WriteProcessMemory request was completed. (0x12B)
[0902/183838.473:ERROR:process_memory_win.cc(73)] ReadMemory at 0x4e0bdc8ee0 of 132 bytes failed: Only part of a ReadProcessMemory or WriteProcessMemory request was completed. (0x12B)
[0902/183838.473:ERROR:process_memory_win.cc(73)] ReadMemory at 0x4e0bdc9000 of 132 bytes failed: Only part of a ReadProcessMemory or WriteProcessMemory request was completed. (0x12B)
[0902/183838.473:ERROR:process_memory_win.cc(73)] ReadMemory at 0x4e0bdcddb0 of 60 bytes failed: Only part of a ReadProcessMemory or WriteProcessMemory request was completed. (0x12B)
[0902/183838.473:ERROR:process_memory_win.cc(73)] ReadMemory at 0x4e0bdcde00 of 60 bytes failed: Only part of a ReadProcessMemory or WriteProcessMemory request was completed. (0x12B)
[0902/183838.473:ERROR:process_memory_win.cc(73)] ReadMemory at 0x4e0bdcde50 of 64 bytes failed: Only part of a ReadProcessMemory or WriteProcessMemory request was completed. (0x12B)
[0902/183838.473:ERROR:process_memory_win.cc(73)] ReadMemory at 0x4e0bdcdea0 of 64 bytes failed: Only part of a ReadProcessMemory or WriteProcessMemory request was completed. (0x12B)
[0902/183838.475:ERROR:process_memory_win.cc(73)] ReadMemory at 0x4e0bdcdef0 of 58 bytes failed: Only part of a ReadProcessMemory or WriteProcessMemory request was completed. (0x12B)
[0902/183838.476:ERROR:process_memory_win.cc(73)] ReadMemory at 0x4e0bdcdf40 of 58 bytes failed: Only part of a ReadProcessMemory or WriteProcessMemory request was completed. (0x12B)
[0902/183838.476:ERROR:process_memory_win.cc(73)] ReadMemory at 0x4e0bdcdf90 of 62 bytes failed: Only part of a ReadProcessMemory or WriteProcessMemory request was completed. (0x12B)
[0902/183838.476:ERROR:process_memory_win.cc(73)] ReadMemory at 0x4e0bdcdfe0 of 62 bytes failed: Only part of a ReadProcessMemory or WriteProcessMemory request was completed. (0x12B)
[0902/183838.476:ERROR:process_memory_win.cc(73)] ReadMemory at 0x4e0bdce030 of 62 bytes failed: Only part of a ReadProcessMemory or WriteProcessMemory request was completed. (0x12B)
[0902/183838.537:ERROR:process_memory_win.cc(73)] ReadMemory at 0x4e0bdce080 of 64 bytes failed: Only part of a ReadProcessMemory or WriteProcessMemory request was completed. (0x12B)
[0902/183838.643:ERROR:process_memory_win.cc(73)] ReadMemory at 0x4e0bdce0d0 of 66 bytes failed: Only part of a ReadProcessMemory or WriteProcessMemory request was completed. (0x12B)
[0902/183838.643:ERROR:process_memory_win.cc(73)] ReadMemory at 0x4e0bdce120 of 60 bytes failed: Only part of a ReadProcessMemory or WriteProcessMemory request was completed. (0x12B)
[0902/183838.643:ERROR:process_memory_win.cc(73)] ReadMemory at 0x4e0bdce170 of 60 bytes failed: Only part of a ReadProcessMemory or WriteProcessMemory request was completed. (0x12B)
[0902/183838.776:ERROR:process_memory_win.cc(73)] ReadMemory at 0x4e0bdce1c0 of 64 bytes failed: Only part of a ReadProcessMemory or WriteProcessMemory request was completed. (0x12B)
[0902/183838.780:ERROR:process_memory_win.cc(73)] ReadMemory at 0x4e0bdce210 of 60 bytes failed: Only part of a ReadProcessMemory or WriteProcessMemory request was completed. (0x12B)
[0902/183838.781:ERROR:process_memory_win.cc(73)] ReadMemory at 0x4e0bdce260 of 62 bytes failed: Only part of a ReadProcessMemory or WriteProcessMemory request was completed. (0x12B)
[0902/183838.781:ERROR:process_memory_win.cc(73)] ReadMemory at 0x4e0bdce2b0 of 60 bytes failed: Only part of a ReadProcessMemory or WriteProcessMemory request was completed. (0x12B)
[0902/183838.844:ERROR:process_memory_win.cc(73)] ReadMemory at 0x4e0bdce300 of 62 bytes failed: Only part of a ReadProcessMemory or WriteProcessMemory request was completed. (0x12B)
[0902/183838.844:ERROR:process_memory_win.cc(73)] ReadMemory at 0x4e0bdce3a0 of 62 bytes failed: Only part of a ReadProcessMemory or WriteProcessMemory request was completed. (0x12B)
[0902/183838.844:ERROR:process_memory_win.cc(73)] ReadMemory at 0x4e0bdce3f0 of 64 bytes failed: Only part of a ReadProcessMemory or WriteProcessMemory request was completed. (0x12B)
[0902/183838.854:ERROR:process_memory_win.cc(73)] ReadMemory at 0x4e0bdce440 of 62 bytes failed: Only part of a ReadProcessMemory or WriteProcessMemory request was completed. (0x12B)
[0902/183838.854:ERROR:process_memory_win.cc(73)] ReadMemory at 0x4e0bdce490 of 62 bytes failed: Only part of a ReadProcessMemory or WriteProcessMemory request was completed. (0x12B)
[0902/183838.854:ERROR:process_memory_win.cc(73)] ReadMemory at 0x4e0bdce4e0 of 64 bytes failed: Only part of a ReadProcessMemory or WriteProcessMemory request was completed. (0x12B)
[0902/183838.854:ERROR:process_memory_win.cc(73)] ReadMemory at 0x4e0bdced80 of 132 bytes failed: Only part of a ReadProcessMemory or WriteProcessMemory request was completed. (0x12B)
[0902/183838.854:ERROR:process_memory_win.cc(73)] ReadMemory at 0x4e0bdceea0 of 132 bytes failed: Only part of a ReadProcessMemory or WriteProcessMemory request was completed. (0x12B)
[0902/183838.854:ERROR:process_memory_win.cc(73)] ReadMemory at 0x4e0bdcefd0 of 132 bytes failed: Only part of a ReadProcessMemory or WriteProcessMemory request was completed. (0x12B)
[0902/183838.929:ERROR:process_memory_win.cc(73)] ReadMemory at 0x4e0bdcf0f0 of 132 bytes failed: Only part of a ReadProcessMemory or WriteProcessMemory request was completed. (0x12B)
[0902/183838.929:ERROR:process_memory_win.cc(73)] ReadMemory at 0x4e0bdcf210 of 132 bytes failed: Only part of a ReadProcessMemory or WriteProcessMemory request was completed. (0x12B)
[0902/183838.955:ERROR:process_memory_win.cc(73)] ReadMemory at 0x4e0bdcf330 of 132 bytes failed: Only part of a ReadProcessMemory or WriteProcessMemory request was completed. (0x12B)
[0902/183839.399:ERROR:process_memory_win.cc(73)] ReadMemory at 0x4e0bdcf450 of 132 bytes failed: Only part of a ReadProcessMemory or WriteProcessMemory request was completed. (0x12B)
[0902/183839.399:ERROR:process_memory_win.cc(73)] ReadMemory at 0x4e0bdcff60 of 132 bytes failed: Only part of a ReadProcessMemory or WriteProcessMemory request was completed. (0x12B)
[0902/183839.400:ERROR:process_memory_win.cc(73)] ReadMemory at 0x4e0bdd0080 of 132 bytes failed: Only part of a ReadProcessMemory or WriteProcessMemory request was completed. (0x12B)
[0902/183839.400:ERROR:process_memory_win.cc(73)] ReadMemory at 0x4e0bdd01a0 of 132 bytes failed: Only part of a ReadProcessMemory or WriteProcessMemory request was completed. (0x12B)
[0902/183839.400:ERROR:process_memory_win.cc(73)] ReadMemory at 0x4e0bdd02c0 of 132 bytes failed: Only part of a ReadProcessMemory or WriteProcessMemory request was completed. (0x12B)
[0902/183839.410:ERROR:process_memory_win.cc(73)] ReadMemory at 0x4e0bdd03e0 of 132 bytes failed: Only part of a ReadProcessMemory or WriteProcessMemory request was completed. (0x12B)
[0902/183839.410:ERROR:process_memory_win.cc(73)] ReadMemory at 0x4e0bdd0500 of 132 bytes failed: Only part of a ReadProcessMemory or WriteProcessMemory request was completed. (0x12B)
[0902/183839.410:ERROR:process_memory_win.cc(73)] ReadMemory at 0x4e0bdd0620 of 132 bytes failed: Only part of a ReadProcessMemory or WriteProcessMemory request was completed. (0x12B)
[0902/183839.410:ERROR:process_memory_win.cc(73)] ReadMemory at 0x4e0bdd0740 of 132 bytes failed: Only part of a ReadProcessMemory or WriteProcessMemory request was completed. (0x12B)
[0902/183839.410:ERROR:process_memory_win.cc(73)] ReadMemory at 0x4e0bdd0860 of 132 bytes failed: Only part of a ReadProcessMemory or WriteProcessMemory request was completed. (0x12B)
[0902/183839.422:ERROR:process_memory_win.cc(73)] ReadMemory at 0x4e0bdd0980 of 132 bytes failed: Only part of a ReadProcessMemory or WriteProcessMemory request was completed. (0x12B)
[0902/183839.422:ERROR:process_memory_win.cc(73)] ReadMemory at 0x4e0bdd0aa0 of 132 bytes failed: Only part of a ReadProcessMemory or WriteProcessMemory request was completed. (0x12B)
[0902/183839.422:ERROR:process_memory_win.cc(73)] ReadMemory at 0x4e0bdd0bc0 of 132 bytes failed: Only part of a ReadProcessMemory or WriteProcessMemory request was completed. (0x12B)
[0902/183839.423:ERROR:process_memory_win.cc(73)] ReadMemory at 0x4e0bdd0ce0 of 132 bytes failed: Only part of a ReadProcessMemory or WriteProcessMemory request was completed. (0x12B)
[0902/183839.423:ERROR:process_memory_win.cc(73)] ReadMemory at 0x4e0bdd1450 of 80 bytes failed: Only part of a ReadProcessMemory or WriteProcessMemory request was completed. (0x12B)
[0902/183839.423:ERROR:process_memory_win.cc(73)] ReadMemory at 0x4e0bdd2c20 of 132 bytes failed: Only part of a ReadProcessMemory or WriteProcessMemory request was completed. (0x12B)
[0902/183839.452:ERROR:process_memory_win.cc(73)] ReadMemory at 0x4e0bdd32e0 of 132 bytes failed: Only part of a ReadProcessMemory or WriteProcessMemory request was completed. (0x12B)
[0902/183839.452:ERROR:process_memory_win.cc(73)] ReadMemory at 0x4e0bdd3400 of 132 bytes failed: Only part of a ReadProcessMemory or WriteProcessMemory request was completed. (0x12B)
[0902/183839.502:ERROR:process_memory_win.cc(73)] ReadMemory at 0x4e0bdd3760 of 132 bytes failed: Only part of a ReadProcessMemory or WriteProcessMemory request was completed. (0x12B)
[0902/183839.502:ERROR:process_memory_win.cc(73)] ReadMemory at 0x4e0bdd3880 of 132 bytes failed: Only part of a ReadProcessMemory or WriteProcessMemory request was completed. (0x12B)
[0902/183839.502:ERROR:process_memory_win.cc(73)] ReadMemory at 0x4e0bdd3d00 of 132 bytes failed: Only part of a ReadProcessMemory or WriteProcessMemory request was completed. (0x12B)
[0902/183839.502:ERROR:process_memory_win.cc(73)] ReadMemory at 0x4e0bdd3f40 of 132 bytes failed: Only part of a ReadProcessMemory or WriteProcessMemory request was completed. (0x12B)
[0902/183839.507:ERROR:process_memory_win.cc(73)] ReadMemory at 0x4e0bdd4720 of 132 bytes failed: Only part of a ReadProcessMemory or WriteProcessMemory request was completed. (0x12B)
[0902/183839.507:ERROR:process_memory_win.cc(73)] ReadMemory at 0x4e0bdd4960 of 132 bytes failed: Only part of a ReadProcessMemory or WriteProcessMemory request was completed. (0x12B)
[0902/183839.507:ERROR:process_memory_win.cc(73)] ReadMemory at 0x4e0bdd6300 of 58 bytes failed: Only part of a ReadProcessMemory or WriteProcessMemory request was completed. (0x12B)
[0902/183839.544:ERROR:process_memory_win.cc(73)] ReadMemory at 0x4e0bdd63a0 of 64 bytes failed: Only part of a ReadProcessMemory or WriteProcessMemory request was completed. (0x12B)
[0902/183839.544:ERROR:process_memory_win.cc(73)] ReadMemory at 0x4e0bdd63f0 of 60 bytes failed: Only part of a ReadProcessMemory or WriteProcessMemory request was completed. (0x12B)
[0902/183839.544:ERROR:process_memory_win.cc(73)] ReadMemory at 0x4e0bdd6440 of 62 bytes failed: Only part of a ReadProcessMemory or WriteProcessMemory request was completed. (0x12B)
[0902/183839.544:ERROR:process_memory_win.cc(73)] ReadMemory at 0x4e0bdd69e0 of 58 bytes failed: Only part of a ReadProcessMemory or WriteProcessMemory request was completed. (0x12B)
[0902/183839.544:ERROR:process_memory_win.cc(73)] ReadMemory at 0x4e0bdd6ee0 of 66 bytes failed: Only part of a ReadProcessMemory or WriteProcessMemory request was completed. (0x12B)
[0902/183839.544:ERROR:process_memory_win.cc(73)] ReadMemory at 0x4e0bddbb50 of 512 bytes failed: Only part of a ReadProcessMemory or WriteProcessMemory request was completed. (0x12B)
[0902/183839.544:ERROR:process_memory_win.cc(73)] ReadMemory at 0x4e0bddc3a0 of 512 bytes failed: Only part of a ReadProcessMemory or WriteProcessMemory request was completed. (0x12B)
[0902/183839.580:ERROR:process_memory_win.cc(73)] ReadMemory at 0x4e0c2bd4f0 of 512 bytes failed: Only part of a ReadProcessMemory or WriteProcessMemory request was completed. (0x12B)
[0902/183839.580:ERROR:process_memory_win.cc(73)] ReadMemory at 0x4e0c2c3d10 of 512 bytes failed: Only part of a ReadProcessMemory or WriteProcessMemory request was completed. (0x12B)
[0902/183839.580:ERROR:process_memory_win.cc(73)] ReadMemory at 0x4e0c2c7368 of 512 bytes failed: Only part of a ReadProcessMemory or WriteProcessMemory request was completed. (0x12B)
[0902/183839.580:ERROR:process_memory_win.cc(73)] ReadMemory at 0x4e0c2ca7d0 of 512 bytes failed: Only part of a ReadProcessMemory or WriteProcessMemory request was completed. (0x12B)
[0902/183839.580:ERROR:process_memory_win.cc(73)] ReadMemory at 0x4e0c2cebf0 of 512 bytes failed: Only part of a ReadProcessMemory or WriteProcessMemory request was completed. (0x12B)
[0902/183839.614:ERROR:process_memory_win.cc(73)] ReadMemory at 0x4e0c2da910 of 512 bytes failed: Only part of a ReadProcessMemory or WriteProcessMemory request was completed. (0x12B)
[0902/183839.779:ERROR:process_memory_win.cc(73)] ReadMemory at 0x4e0c2e5ca0 of 712 bytes failed: Only part of a ReadProcessMemory or WriteProcessMemory request was completed. (0x12B)
[0902/183839.779:ERROR:process_memory_win.cc(73)] ReadMemory at 0x4e0c2e65e8 of 512 bytes failed: Only part of a ReadProcessMemory or WriteProcessMemory request was completed. (0x12B)
[0902/183839.836:ERROR:process_memory_win.cc(73)] ReadMemory at 0x4e0c2ea100 of 512 bytes failed: Only part of a ReadProcessMemory or WriteProcessMemory request was completed. (0x12B)
[0902/183839.837:ERROR:process_memory_win.cc(73)] ReadMemory at 0x4e0c2f8360 of 512 bytes failed: Only part of a ReadProcessMemory or WriteProcessMemory request was completed. (0x12B)
[0902/183839.837:ERROR:process_memory_win.cc(73)] ReadMemory at 0x4e0c2f8720 of 512 bytes failed: Only part of a ReadProcessMemory or WriteProcessMemory request was completed. (0x12B)
[0902/183839.837:ERROR:process_memory_win.cc(73)] ReadMemory at 0x4e0c2feaf0 of 512 bytes failed: Only part of a ReadProcessMemory or WriteProcessMemory request was completed. (0x12B)
[0902/183839.837:ERROR:process_memory_win.cc(73)] ReadMemory at 0x4e0c311db0 of 512 bytes failed: Only part of a ReadProcessMemory or WriteProcessMemory request was completed. (0x12B)
[0902/183839.837:ERROR:process_memory_win.cc(73)] ReadMemory at 0x4e0c33ee38 of 512 bytes failed: Only part of a ReadProcessMemory or WriteProcessMemory request was completed. (0x12B)
[0902/183839.837:ERROR:process_memory_win.cc(73)] ReadMemory at 0x4e0c340d28 of 512 bytes failed: Only part of a ReadProcessMemory or WriteProcessMemory request was completed. (0x12B)
[0902/183839.935:ERROR:process_memory_win.cc(73)] ReadMemory at 0x4e0ed75850 of 512 bytes failed: Only part of a ReadProcessMemory or WriteProcessMemory request was completed. (0x12B)
[0902/183840.005:ERROR:process_memory_win.cc(73)] ReadMemory at 0x4e0ed75b20 of 512 bytes failed: Only part of a ReadProcessMemory or WriteProcessMemory request was completed. (0x12B)
[0902/183840.005:ERROR:process_memory_win.cc(73)] ReadMemory at 0x4e0ed99d40 of 512 bytes failed: Only part of a ReadProcessMemory or WriteProcessMemory request was completed. (0x12B)
[0902/183840.005:ERROR:process_memory_win.cc(73)] ReadMemory at 0x4e0edf8530 of 512 bytes failed: Only part of a ReadProcessMemory or WriteProcessMemory request was completed. (0x12B)
[0902/183840.005:ERROR:process_memory_win.cc(73)] ReadMemory at 0x4e0edf9d70 of 512 bytes failed: Only part of a ReadProcessMemory or WriteProcessMemory request was completed. (0x12B)
[0902/183840.005:ERROR:process_memory_win.cc(73)] ReadMemory at 0x4e10da3470 of 512 bytes failed: Only part of a ReadProcessMemory or WriteProcessMemory request was completed. (0x12B)
[0902/183840.099:ERROR:process_memory_win.cc(73)] ReadMemory at 0x4e10da5bb0 of 512 bytes failed: Only part of a ReadProcessMemory or WriteProcessMemory request was completed. (0x12B)
[0902/183840.099:ERROR:process_memory_win.cc(73)] ReadMemory at 0x4e10dfa570 of 512 bytes failed: Only part of a ReadProcessMemory or WriteProcessMemory request was completed. (0x12B)
[0902/183840.099:ERROR:process_memory_win.cc(73)] ReadMemory at 0x4e10e01720 of 512 bytes failed: Only part of a ReadProcessMemory or WriteProcessMemory request was completed. (0x12B)
[0902/183840.099:ERROR:process_memory_win.cc(73)] ReadMemory at 0x4e10f19f90 of 512 bytes failed: Only part of a ReadProcessMemory or WriteProcessMemory request was completed. (0x12B)
[0902/183840.099:ERROR:process_memory_win.cc(73)] ReadMemory at 0x4e114f5c00 of 512 bytes failed: Only part of a ReadProcessMemory or WriteProcessMemory request was completed. (0x12B)
[0902/183840.128:ERROR:process_memory_win.cc(73)] ReadMemory at 0x4e11500b70 of 704 bytes failed: Only part of a ReadProcessMemory or WriteProcessMemory request was completed. (0x12B)
[0902/183840.128:ERROR:process_memory_win.cc(73)] ReadMemory at 0x4e117d1ce8 of 776 bytes failed: Only part of a ReadProcessMemory or WriteProcessMemory request was completed. (0x12B)
[0902/183840.128:ERROR:process_memory_win.cc(73)] ReadMemory at 0x4e11afe510 of 512 bytes failed: Only part of a ReadProcessMemory or WriteProcessMemory request was completed. (0x12B)
[0902/183840.128:ERROR:process_memory_win.cc(73)] ReadMemory at 0x4e129c3910 of 512 bytes failed: Only part of a ReadProcessMemory or WriteProcessMemory request was completed. (0x12B)
[0902/183840.128:ERROR:process_memory_win.cc(73)] ReadMemory at 0x4e13096588 of 512 bytes failed: Only part of a ReadProcessMemory or WriteProcessMemory request was completed. (0x12B)
[0902/183840.173:ERROR:process_memory_win.cc(73)] ReadMemory at 0x4e13497120 of 512 bytes failed: Only part of a ReadProcessMemory or WriteProcessMemory request was completed. (0x12B)
[0902/183840.173:ERROR:process_memory_win.cc(73)] ReadMemory at 0x4e135e7660 of 512 bytes failed: Only part of a ReadProcessMemory or WriteProcessMemory request was completed. (0x12B)
[0902/183840.173:ERROR:process_memory_win.cc(73)] ReadMemory at 0x4e13600e70 of 512 bytes failed: Only part of a ReadProcessMemory or WriteProcessMemory request was completed. (0x12B)
[0902/183840.174:ERROR:process_memory_win.cc(73)] ReadMemory at 0x4e1389c778 of 512 bytes failed: Only part of a ReadProcessMemory or WriteProcessMemory request was completed. (0x12B)
[0902/183840.174:ERROR:process_memory_win.cc(73)] ReadMemory at 0x4e138b3308 of 512 bytes failed: Only part of a ReadProcessMemory or WriteProcessMemory request was completed. (0x12B)
[0902/183840.174:ERROR:process_memory_win.cc(73)] ReadMemory at 0x4e144c20f0 of 512 bytes failed: Only part of a ReadProcessMemory or WriteProcessMemory request was completed. (0x12B)
[0902/183840.174:ERROR:process_memory_win.cc(73)] ReadMemory at 0x4e144c8930 of 512 bytes failed: Only part of a ReadProcessMemory or WriteProcessMemory request was completed. (0x12B)
[0902/183840.174:ERROR:process_memory_win.cc(73)] ReadMemory at 0x4e144cdcb0 of 512 bytes failed: Only part of a ReadProcessMemory or WriteProcessMemory request was completed. (0x12B)
[0902/183840.174:ERROR:process_memory_win.cc(73)] ReadMemory at 0xcb34a106f80 of 512 bytes failed: Only part of a ReadProcessMemory or WriteProcessMemory request was completed. (0x12B)
[0902/183840.174:ERROR:process_memory_win.cc(73)] ReadMemory at 0x36eb26540000 of 384 bytes failed: Only part of a ReadProcessMemory or WriteProcessMemory request was completed. (0x12B)
[0902/183840.174:ERROR:process_memory_win.cc(73)] ReadMemory at 0x3e923d64d738 of 512 bytes failed: Only part of a ReadProcessMemory or WriteProcessMemory request was completed. (0x12B)
[0902/183840.175:ERROR:process_memory_win.cc(73)] ReadMemory at 0x48b86f380000 of 384 bytes failed: Only part of a ReadProcessMemory or WriteProcessMemory request was completed. (0x12B)
[0902/183840.175:ERROR:process_memory_win.cc(73)] ReadMemory at 0x5c2df2000000 of 384 bytes failed: Only part of a ReadProcessMemory or WriteProcessMemory request was completed. (0x12B)
[0902/183840.175:ERROR:process_memory_win.cc(73)] ReadMemory at 0x7ff761a12000 of 6024 bytes failed: Only part of a ReadProcessMemory or WriteProcessMemory request was completed. (0x12B)
[0902/183840.175:ERROR:process_memory_win.cc(73)] ReadMemory at 0x7ff761a14000 of 6024 bytes failed: Only part of a ReadProcessMemory or WriteProcessMemory request was completed. (0x12B)
[0902/183840.175:ERROR:process_memory_win.cc(73)] ReadMemory at 0x7ff761a16000 of 6024 bytes failed: Only part of a ReadProcessMemory or WriteProcessMemory request was completed. (0x12B)
[0902/183840.175:ERROR:process_memory_win.cc(73)] ReadMemory at 0x7ff761a18000 of 6024 bytes failed: Only part of a ReadProcessMemory or WriteProcessMemory request was completed. (0x12B)
[0902/183840.176:ERROR:process_memory_win.cc(73)] ReadMemory at 0x7ff761a1a000 of 6024 bytes failed: Only part of a ReadProcessMemory or WriteProcessMemory request was completed. (0x12B)
[0902/183840.176:ERROR:process_memory_win.cc(73)] ReadMemory at 0x7ff761a1c000 of 6024 bytes failed: Only part of a ReadProcessMemory or WriteProcessMemory request was completed. (0x12B)
[0902/183840.176:ERROR:process_memory_win.cc(73)] ReadMemory at 0x7ff761a1e000 of 6024 bytes failed: Only part of a ReadProcessMemory or WriteProcessMemory request was completed. (0x12B)
[0902/183840.176:ERROR:process_memory_win.cc(73)] ReadMemory at 0x7ff761a20000 of 6024 bytes failed: Only part of a ReadProcessMemory or WriteProcessMemory request was completed. (0x12B)
[0902/183840.176:ERROR:process_memory_win.cc(73)] ReadMemory at 0x7ff761a22000 of 6024 bytes failed: Only part of a ReadProcessMemory or WriteProcessMemory request was completed. (0x12B)
[0902/183840.177:ERROR:process_memory_win.cc(73)] ReadMemory at 0x7ff761a24000 of 6024 bytes failed: Only part of a ReadProcessMemory or WriteProcessMemory request was completed. (0x12B)
[0902/183840.177:ERROR:process_memory_win.cc(73)] ReadMemory at 0x7ff761a26000 of 6024 bytes failed: Only part of a ReadProcessMemory or WriteProcessMemory request was completed. (0x12B)
[0902/183840.177:ERROR:process_memory_win.cc(73)] ReadMemory at 0x7ff761a28000 of 6024 bytes failed: Only part of a ReadProcessMemory or WriteProcessMemory request was completed. (0x12B)
[0902/183840.177:ERROR:process_memory_win.cc(73)] ReadMemory at 0x7ff761a2a000 of 6024 bytes failed: Only part of a ReadProcessMemory or WriteProcessMemory request was completed. (0x12B)
[0902/183840.177:ERROR:process_memory_win.cc(73)] ReadMemory at 0x7ff761a2c000 of 6024 bytes failed: Only part of a ReadProcessMemory or WriteProcessMemory request was completed. (0x12B)
[0902/183840.178:ERROR:process_memory_win.cc(73)] ReadMemory at 0x7ff761a2e000 of 6024 bytes failed: Only part of a ReadProcessMemory or WriteProcessMemory request was completed. (0x12B)
[0902/183840.178:ERROR:process_memory_win.cc(73)] ReadMemory at 0x7ff761b53000 of 6024 bytes failed: Only part of a ReadProcessMemory or WriteProcessMemory request was completed. (0x12B)
[0902/183840.178:ERROR:process_memory_win.cc(73)] ReadMemory at 0x7ff761b55000 of 6024 bytes failed: Only part of a ReadProcessMemory or WriteProcessMemory request was completed. (0x12B)
[0902/183840.178:ERROR:process_memory_win.cc(73)] ReadMemory at 0x7ff761b57000 of 6024 bytes failed: Only part of a ReadProcessMemory or WriteProcessMemory request was completed. (0x12B)
[0902/183840.178:ERROR:process_memory_win.cc(73)] ReadMemory at 0x7ff761b59000 of 6024 bytes failed: Only part of a ReadProcessMemory or WriteProcessMemory request was completed. (0x12B)
[0902/183840.179:ERROR:process_memory_win.cc(73)] ReadMemory at 0x7ff761b5b000 of 6024 bytes failed: Only part of a ReadProcessMemory or WriteProcessMemory request was completed. (0x12B)
[0902/183840.179:ERROR:process_memory_win.cc(73)] ReadMemory at 0x7ff761b5d000 of 6024 bytes failed: Only part of a ReadProcessMemory or WriteProcessMemory request was completed. (0x12B)
[0902/183840.179:ERROR:process_memory_win.cc(73)] ReadMemory at 0x7ff761b5f000 of 852 bytes failed: Only part of a ReadProcessMemory or WriteProcessMemory request was completed. (0x12B)
[0902/183840.179:ERROR:process_memory_win.cc(73)] ReadMemory at 0x7ffdb0f5ac00 of 512 bytes failed: Only part of a ReadProcessMemory or WriteProcessMemory request was completed. (0x12B)
[0902/183840.211:ERROR:process_memory_win.cc(73)] ReadMemory at 0x7ffdb0f917a4 of 512 bytes failed: Only part of a ReadProcessMemory or WriteProcessMemory request was completed. (0x12B)
[0902/183840.284:ERROR:process_memory_win.cc(73)] ReadMemory at 0x7ffdb1ab46ae of 512 bytes failed: Only part of a ReadProcessMemory or WriteProcessMemory request was completed. (0x12B)
[0902/183840.311:ERROR:process_memory_win.cc(73)] ReadMemory at 0x7ffdb53e9d70 of 512 bytes failed: Only part of a ReadProcessMemory or WriteProcessMemory request was completed. (0x12B)
[0902/183840.311:ERROR:process_memory_win.cc(73)] ReadMemory at 0x7ffdc635580a of 512 bytes failed: Only part of a ReadProcessMemory or WriteProcessMemory request was completed. (0x12B)
[0902/183840.324:ERROR:process_memory_win.cc(73)] ReadMemory at 0x7ffdc6356061 of 512 bytes failed: Only part of a ReadProcessMemory or WriteProcessMemory request was completed. (0x12B)
[0902/183840.324:ERROR:process_memory_win.cc(73)] ReadMemory at 0x7ffdd9890fb0 of 512 bytes failed: Only part of a ReadProcessMemory or WriteProcessMemory request was completed. (0x12B)
[0902/183840.325:ERROR:process_memory_win.cc(73)] ReadMemory at 0x7ffddbf89530 of 18 bytes failed: Only part of a ReadProcessMemory or WriteProcessMemory request was completed. (0x12B)
[0902/183840.325:ERROR:process_memory_win.cc(73)] ReadMemory at 0x7ffddbf9c700 of 512 bytes failed: Only part of a ReadProcessMemory or WriteProcessMemory request was completed. (0x12B)
[0902/183840.337:ERROR:process_memory_win.cc(73)] ReadMemory at 0x7ffddbfba730 of 512 bytes failed: Only part of a ReadProcessMemory or WriteProcessMemory request was completed. (0x12B)
[0902/183840.361:ERROR:process_memory_win.cc(73)] ReadMemory at 0x7ffddc01118a of 592 bytes failed: Only part of a ReadProcessMemory or WriteProcessMemory request was completed. (0x12B)
[0902/183840.361:ERROR:process_memory_win.cc(73)] ReadMemory at 0x7ffddc012c0a of 560 bytes failed: Only part of a ReadProcessMemory or WriteProcessMemory request was completed. (0x12B)
[0902/183840.361:ERROR:process_memory_win.cc(73)] ReadMemory at 0x7ffddc0ad8a8 of 40 bytes failed: Only part of a ReadProcessMemory or WriteProcessMemory request was completed. (0x12B)
[0902/183840.361:ERROR:process_memory_win.cc(73)] ReadMemory at 0x7ffddc0adbe0 of 48 bytes failed: Only part of a ReadProcessMemory or WriteProcessMemory request was completed. (0x12B)
[0902/183840.389:ERROR:process_memory_win.cc(73)] ReadMemory at 0x7ffddc0b0320 of 64 bytes failed: Only part of a ReadProcessMemory or WriteProcessMemory request was completed. (0x12B)
[0902/183840.472:ERROR:scoped_process_suspend.cc(40)] NtResumeProcess: An attempt was made to access an exiting process. (0xc000010a)
